/Library/Developer/CommandLineTools/usr/bin/python3: can't open file '/Users/koichi/Desktop/xiaoxiao/fetch_rank.py': [Errno 1] Operation not permitted
/Library/Developer/CommandLineTools/usr/bin/python3: can't open file '/Users/koichi/Desktop/xiaoxiao/fetch_rank.py': [Errno 1] Operation not permitted
/Library/Developer/CommandLineTools/usr/bin/python3: can't open file '/Users/koichi/Desktop/xiaoxiao/fetch_rank.py': [Errno 1] Operation not permitted
取得中: https://www.esthe-ranking.jp/shizuoka/shizuoka-city/asian/
取得中: https://www.esthe-ranking.jp/yokohama/higashikanagawa-station/asian/
取得中: https://www.esthe-ranking.jp/nishikawaguchi/kawaguchi-station/asian/
取得中: https://www.esthe-ranking.jp/funabashi/nishifunabashi-station/asian/
取得中: https://www.esthe-ranking.jp/kamata/asian/
取得中: https://www.esthe-ranking.jp/kashiwa/asian/
取得中: https://www.esthe-ranking.jp/numazu/asian/
取得中: https://www.esthe-ranking.jp/yamato/yamato-station/asian/
取得中: https://www.esthe-ranking.jp/mizonokuchi/mizonokuchi-station/asian/
取得中: https://www.esthe-ranking.jp/nerima/nerima-station/asian/
取得中: https://www.esthe-ranking.jp/matsudo/shinmatsudo-station/asian/
取得中: https://www.esthe-ranking.jp/kawasaki/tsurumi-station/asian/
取得中: https://www.esthe-ranking.jp/iidabashi/asian/
取得中: https://www.esthe-ranking.jp/koshigaya/shinkoshigaya-station/asian/
取得中: https://www.esthe-ranking.jp/akabane/asian/
取得中: https://www.esthe-ranking.jp/koshigaya/kasukabe-station/asian/
取得中: https://www.esthe-ranking.jp/tsu/tsu-city/asian/
取得中: https://www.esthe-ranking.jp/ichikawa/motoyawata-station/asian/
取得中: https://www.esthe-ranking.jp/kameari/asian/
取得中: https://www.esthe-ranking.jp/kumagaya/kumagaya-city/asian/
OK: 履歴追記 → rank_history.csv / 最新更新 → rank_latest.csv
取得中: https://www.esthe-ranking.jp/shizuoka/shizuoka-city/asian/
取得中: https://www.esthe-ranking.jp/yokohama/higashikanagawa-station/asian/
取得中: https://www.esthe-ranking.jp/nishikawaguchi/kawaguchi-station/asian/
取得中: https://www.esthe-ranking.jp/funabashi/nishifunabashi-station/asian/
取得中: https://www.esthe-ranking.jp/kamata/asian/
取得中: https://www.esthe-ranking.jp/kashiwa/asian/
取得中: https://www.esthe-ranking.jp/numazu/asian/
取得中: https://www.esthe-ranking.jp/yamato/yamato-station/asian/
取得中: https://www.esthe-ranking.jp/mizonokuchi/mizonokuchi-station/asian/
取得中: https://www.esthe-ranking.jp/nerima/nerima-station/asian/
取得中: https://www.esthe-ranking.jp/matsudo/shinmatsudo-station/asian/
取得中: https://www.esthe-ranking.jp/kawasaki/tsurumi-station/asian/
取得中: https://www.esthe-ranking.jp/iidabashi/asian/
取得中: https://www.esthe-ranking.jp/koshigaya/shinkoshigaya-station/asian/
取得中: https://www.esthe-ranking.jp/akabane/asian/
取得中: https://www.esthe-ranking.jp/koshigaya/kasukabe-station/asian/
取得中: https://www.esthe-ranking.jp/tsu/tsu-city/asian/
取得中: https://www.esthe-ranking.jp/ichikawa/motoyawata-station/asian/
取得中: https://www.esthe-ranking.jp/kameari/asian/
取得中: https://www.esthe-ranking.jp/kumagaya/kumagaya-city/asian/
OK: 履歴追記 → rank_history.csv / 最新更新 → rank_latest.csv
取得中: https://www.esthe-ranking.jp/shizuoka/shizuoka-city/asian/
取得中: https://www.esthe-ranking.jp/yokohama/higashikanagawa-station/asian/
取得中: https://www.esthe-ranking.jp/nishikawaguchi/kawaguchi-station/asian/
取得中: https://www.esthe-ranking.jp/funabashi/nishifunabashi-station/asian/
取得中: https://www.esthe-ranking.jp/kamata/asian/
取得中: https://www.esthe-ranking.jp/kashiwa/asian/
取得中: https://www.esthe-ranking.jp/numazu/asian/
取得中: https://www.esthe-ranking.jp/yamato/yamato-station/asian/
取得中: https://www.esthe-ranking.jp/mizonokuchi/mizonokuchi-station/asian/
取得中: https://www.esthe-ranking.jp/nerima/nerima-station/asian/
取得中: https://www.esthe-ranking.jp/matsudo/shinmatsudo-station/asian/
取得中: https://www.esthe-ranking.jp/kawasaki/tsurumi-station/asian/
取得中: https://www.esthe-ranking.jp/iidabashi/asian/
取得中: https://www.esthe-ranking.jp/koshigaya/shinkoshigaya-station/asian/
取得中: https://www.esthe-ranking.jp/akabane/asian/
取得中: https://www.esthe-ranking.jp/koshigaya/kasukabe-station/asian/
取得中: https://www.esthe-ranking.jp/tsu/tsu-city/asian/
取得中: https://www.esthe-ranking.jp/ichikawa/motoyawata-station/asian/
取得中: https://www.esthe-ranking.jp/kameari/asian/
取得中: https://www.esthe-ranking.jp/kumagaya/kumagaya-city/asian/
OK: 履歴追記 → rank_history.csv / 最新更新 → rank_latest.csv
取得中: https://www.esthe-ranking.jp/shizuoka/shizuoka-city/asian/
取得中: https://www.esthe-ranking.jp/yokohama/higashikanagawa-station/asian/
取得中: https://www.esthe-ranking.jp/nishikawaguchi/kawaguchi-station/asian/
取得中: https://www.esthe-ranking.jp/funabashi/nishifunabashi-station/asian/
取得中: https://www.esthe-ranking.jp/kamata/asian/
取得中: https://www.esthe-ranking.jp/kashiwa/asian/
取得中: https://www.esthe-ranking.jp/numazu/asian/
取得中: https://www.esthe-ranking.jp/yamato/yamato-station/asian/
取得中: https://www.esthe-ranking.jp/mizonokuchi/mizonokuchi-station/asian/
取得中: https://www.esthe-ranking.jp/nerima/nerima-station/asian/
取得中: https://www.esthe-ranking.jp/matsudo/shinmatsudo-station/asian/
取得中: https://www.esthe-ranking.jp/kawasaki/tsurumi-station/asian/
取得中: https://www.esthe-ranking.jp/iidabashi/asian/
取得中: https://www.esthe-ranking.jp/koshigaya/shinkoshigaya-station/asian/
取得中: https://www.esthe-ranking.jp/akabane/asian/
取得中: https://www.esthe-ranking.jp/koshigaya/kasukabe-station/asian/
取得中: https://www.esthe-ranking.jp/tsu/tsu-city/asian/
取得中: https://www.esthe-ranking.jp/ichikawa/motoyawata-station/asian/
取得中: https://www.esthe-ranking.jp/kameari/asian/
取得中: https://www.esthe-ranking.jp/kumagaya/kumagaya-city/asian/
OK: 履歴追記 → rank_history.csv / 最新更新 → rank_latest.csv
取得中: https://www.esthe-ranking.jp/shizuoka/shizuoka-city/asian/
取得中: https://www.esthe-ranking.jp/yokohama/higashikanagawa-station/asian/
取得中: https://www.esthe-ranking.jp/nishikawaguchi/kawaguchi-station/asian/
取得中: https://www.esthe-ranking.jp/funabashi/nishifunabashi-station/asian/
取得中: https://www.esthe-ranking.jp/kamata/asian/
取得中: https://www.esthe-ranking.jp/kashiwa/asian/
取得中: https://www.esthe-ranking.jp/numazu/asian/
取得中: https://www.esthe-ranking.jp/yamato/yamato-station/asian/
取得中: https://www.esthe-ranking.jp/mizonokuchi/mizonokuchi-station/asian/
取得中: https://www.esthe-ranking.jp/nerima/nerima-station/asian/
取得中: https://www.esthe-ranking.jp/matsudo/shinmatsudo-station/asian/
取得中: https://www.esthe-ranking.jp/kawasaki/tsurumi-station/asian/
取得中: https://www.esthe-ranking.jp/iidabashi/asian/
取得中: https://www.esthe-ranking.jp/koshigaya/shinkoshigaya-station/asian/
取得中: https://www.esthe-ranking.jp/akabane/asian/
取得中: https://www.esthe-ranking.jp/koshigaya/kasukabe-station/asian/
取得中: https://www.esthe-ranking.jp/tsu/tsu-city/asian/
取得中: https://www.esthe-ranking.jp/ichikawa/motoyawata-station/asian/
取得中: https://www.esthe-ranking.jp/kameari/asian/
取得中: https://www.esthe-ranking.jp/kumagaya/kumagaya-city/asian/
OK: 履歴追記 → rank_history.csv / 最新更新 → rank_latest.csv
取得中: https://www.esthe-ranking.jp/shizuoka/shizuoka-city/asian/
取得中: https://www.esthe-ranking.jp/yokohama/higashikanagawa-station/asian/
取得中: https://www.esthe-ranking.jp/nishikawaguchi/kawaguchi-station/asian/
取得中: https://www.esthe-ranking.jp/funabashi/nishifunabashi-station/asian/
取得中: https://www.esthe-ranking.jp/kamata/asian/
取得中: https://www.esthe-ranking.jp/kashiwa/asian/
取得中: https://www.esthe-ranking.jp/numazu/asian/
取得中: https://www.esthe-ranking.jp/yamato/yamato-station/asian/
取得中: https://www.esthe-ranking.jp/mizonokuchi/mizonokuchi-station/asian/
取得中: https://www.esthe-ranking.jp/nerima/nerima-station/asian/
取得中: https://www.esthe-ranking.jp/matsudo/shinmatsudo-station/asian/
取得中: https://www.esthe-ranking.jp/kawasaki/tsurumi-station/asian/
取得中: https://www.esthe-ranking.jp/iidabashi/asian/
取得中: https://www.esthe-ranking.jp/koshigaya/shinkoshigaya-station/asian/
取得中: https://www.esthe-ranking.jp/akabane/asian/
取得中: https://www.esthe-ranking.jp/koshigaya/kasukabe-station/asian/
取得中: https://www.esthe-ranking.jp/tsu/tsu-city/asian/
取得中: https://www.esthe-ranking.jp/ichikawa/motoyawata-station/asian/
取得中: https://www.esthe-ranking.jp/kameari/asian/
取得中: https://www.esthe-ranking.jp/kumagaya/kumagaya-city/asian/
OK: 履歴追記 → rank_history.csv / 最新更新 → rank_latest.csv
取得中: https://www.esthe-ranking.jp/shizuoka/shizuoka-city/asian/
取得中: https://www.esthe-ranking.jp/yokohama/higashikanagawa-station/asian/
取得中: https://www.esthe-ranking.jp/nishikawaguchi/kawaguchi-station/asian/
取得中: https://www.esthe-ranking.jp/funabashi/nishifunabashi-station/asian/
取得中: https://www.esthe-ranking.jp/kamata/asian/
取得中: https://www.esthe-ranking.jp/kashiwa/asian/
取得中: https://www.esthe-ranking.jp/numazu/asian/
取得中: https://www.esthe-ranking.jp/yamato/yamato-station/asian/
取得中: https://www.esthe-ranking.jp/mizonokuchi/mizonokuchi-station/asian/
取得中: https://www.esthe-ranking.jp/nerima/nerima-station/asian/
取得中: https://www.esthe-ranking.jp/matsudo/shinmatsudo-station/asian/
取得中: https://www.esthe-ranking.jp/kawasaki/tsurumi-station/asian/
取得中: https://www.esthe-ranking.jp/iidabashi/asian/
取得中: https://www.esthe-ranking.jp/koshigaya/shinkoshigaya-station/asian/
取得中: https://www.esthe-ranking.jp/akabane/asian/
取得中: https://www.esthe-ranking.jp/koshigaya/kasukabe-station/asian/
取得中: https://www.esthe-ranking.jp/tsu/tsu-city/asian/
取得中: https://www.esthe-ranking.jp/ichikawa/motoyawata-station/asian/
取得中: https://www.esthe-ranking.jp/kameari/asian/
取得中: https://www.esthe-ranking.jp/kumagaya/kumagaya-city/asian/
OK: 履歴追記 → rank_history.csv / 最新更新 → rank_latest.csv
取得中: https://www.esthe-ranking.jp/shizuoka/shizuoka-city/asian/
取得中: https://www.esthe-ranking.jp/yokohama/higashikanagawa-station/asian/
取得中: https://www.esthe-ranking.jp/nishikawaguchi/kawaguchi-station/asian/
取得中: https://www.esthe-ranking.jp/funabashi/nishifunabashi-station/asian/
取得中: https://www.esthe-ranking.jp/kamata/asian/
取得中: https://www.esthe-ranking.jp/kashiwa/asian/
取得中: https://www.esthe-ranking.jp/numazu/asian/
取得中: https://www.esthe-ranking.jp/yamato/yamato-station/asian/
取得中: https://www.esthe-ranking.jp/mizonokuchi/mizonokuchi-station/asian/
取得中: https://www.esthe-ranking.jp/nerima/nerima-station/asian/
取得中: https://www.esthe-ranking.jp/matsudo/shinmatsudo-station/asian/
取得中: https://www.esthe-ranking.jp/kawasaki/tsurumi-station/asian/
取得中: https://www.esthe-ranking.jp/iidabashi/asian/
取得中: https://www.esthe-ranking.jp/koshigaya/shinkoshigaya-station/asian/
取得中: https://www.esthe-ranking.jp/akabane/asian/
取得中: https://www.esthe-ranking.jp/koshigaya/kasukabe-station/asian/
取得中: https://www.esthe-ranking.jp/tsu/tsu-city/asian/
取得中: https://www.esthe-ranking.jp/ichikawa/motoyawata-station/asian/
取得中: https://www.esthe-ranking.jp/kameari/asian/
取得中: https://www.esthe-ranking.jp/kumagaya/kumagaya-city/asian/
OK: 履歴追記 → rank_history.csv / 最新更新 → rank_latest.csv
取得中: https://www.esthe-ranking.jp/shizuoka/shizuoka-city/asian/
取得中: https://www.esthe-ranking.jp/yokohama/higashikanagawa-station/asian/
取得中: https://www.esthe-ranking.jp/nishikawaguchi/kawaguchi-station/asian/
取得中: https://www.esthe-ranking.jp/funabashi/nishifunabashi-station/asian/
取得中: https://www.esthe-ranking.jp/kamata/asian/
取得中: https://www.esthe-ranking.jp/kashiwa/asian/
取得中: https://www.esthe-ranking.jp/numazu/asian/
取得中: https://www.esthe-ranking.jp/yamato/yamato-station/asian/
取得中: https://www.esthe-ranking.jp/mizonokuchi/mizonokuchi-station/asian/
取得中: https://www.esthe-ranking.jp/nerima/nerima-station/asian/
取得中: https://www.esthe-ranking.jp/matsudo/shinmatsudo-station/asian/
取得中: https://www.esthe-ranking.jp/kawasaki/tsurumi-station/asian/
取得中: https://www.esthe-ranking.jp/iidabashi/asian/
取得中: https://www.esthe-ranking.jp/koshigaya/shinkoshigaya-station/asian/
取得中: https://www.esthe-ranking.jp/akabane/asian/
取得中: https://www.esthe-ranking.jp/koshigaya/kasukabe-station/asian/
取得中: https://www.esthe-ranking.jp/tsu/tsu-city/asian/
取得中: https://www.esthe-ranking.jp/ichikawa/motoyawata-station/asian/
取得中: https://www.esthe-ranking.jp/kameari/asian/
取得中: https://www.esthe-ranking.jp/kumagaya/kumagaya-city/asian/
OK: 履歴追記 → rank_history.csv / 最新更新 → rank_latest.csv
取得中: https://www.esthe-ranking.jp/shizuoka/shizuoka-city/asian/
取得中: https://www.esthe-ranking.jp/yokohama/higashikanagawa-station/asian/
取得中: https://www.esthe-ranking.jp/nishikawaguchi/kawaguchi-station/asian/
取得中: https://www.esthe-ranking.jp/funabashi/nishifunabashi-station/asian/
取得中: https://www.esthe-ranking.jp/kamata/asian/
取得中: https://www.esthe-ranking.jp/kashiwa/asian/
取得中: https://www.esthe-ranking.jp/numazu/asian/
取得中: https://www.esthe-ranking.jp/yamato/yamato-station/asian/
取得中: https://www.esthe-ranking.jp/mizonokuchi/mizonokuchi-station/asian/
取得中: https://www.esthe-ranking.jp/nerima/nerima-station/asian/
取得中: https://www.esthe-ranking.jp/matsudo/shinmatsudo-station/asian/
取得中: https://www.esthe-ranking.jp/kawasaki/tsurumi-station/asian/
取得中: https://www.esthe-ranking.jp/iidabashi/asian/
取得中: https://www.esthe-ranking.jp/koshigaya/shinkoshigaya-station/asian/
取得中: https://www.esthe-ranking.jp/akabane/asian/
取得中: https://www.esthe-ranking.jp/koshigaya/kasukabe-station/asian/
取得中: https://www.esthe-ranking.jp/tsu/tsu-city/asian/
取得中: https://www.esthe-ranking.jp/ichikawa/motoyawata-station/asian/
取得中: https://www.esthe-ranking.jp/kameari/asian/
取得中: https://www.esthe-ranking.jp/kumagaya/kumagaya-city/asian/
OK: 履歴追記 → rank_history.csv / 最新更新 → rank_latest.csv
取得中: https://www.esthe-ranking.jp/shizuoka/shizuoka-city/asian/
取得中: https://www.esthe-ranking.jp/yokohama/higashikanagawa-station/asian/
取得中: https://www.esthe-ranking.jp/nishikawaguchi/kawaguchi-station/asian/
取得中: https://www.esthe-ranking.jp/funabashi/nishifunabashi-station/asian/
取得中: https://www.esthe-ranking.jp/kamata/asian/
取得中: https://www.esthe-ranking.jp/kashiwa/asian/
取得中: https://www.esthe-ranking.jp/numazu/asian/
取得中: https://www.esthe-ranking.jp/yamato/yamato-station/asian/
取得中: https://www.esthe-ranking.jp/mizonokuchi/mizonokuchi-station/asian/
取得中: https://www.esthe-ranking.jp/nerima/nerima-station/asian/
取得中: https://www.esthe-ranking.jp/matsudo/shinmatsudo-station/asian/
取得中: https://www.esthe-ranking.jp/kawasaki/tsurumi-station/asian/
取得中: https://www.esthe-ranking.jp/iidabashi/asian/
取得中: https://www.esthe-ranking.jp/koshigaya/shinkoshigaya-station/asian/
取得中: https://www.esthe-ranking.jp/akabane/asian/
取得中: https://www.esthe-ranking.jp/koshigaya/kasukabe-station/asian/
取得中: https://www.esthe-ranking.jp/tsu/tsu-city/asian/
取得中: https://www.esthe-ranking.jp/ichikawa/motoyawata-station/asian/
取得中: https://www.esthe-ranking.jp/kameari/asian/
取得中: https://www.esthe-ranking.jp/kumagaya/kumagaya-city/asian/
OK: 履歴追記 → rank_history.csv / 最新更新 → rank_latest.csv
取得中: https://www.esthe-ranking.jp/shizuoka/shizuoka-city/asian/
取得中: https://www.esthe-ranking.jp/yokohama/higashikanagawa-station/asian/
取得中: https://www.esthe-ranking.jp/nishikawaguchi/kawaguchi-station/asian/
取得中: https://www.esthe-ranking.jp/funabashi/nishifunabashi-station/asian/
取得中: https://www.esthe-ranking.jp/kamata/asian/
取得中: https://www.esthe-ranking.jp/kashiwa/asian/
取得中: https://www.esthe-ranking.jp/numazu/asian/
取得中: https://www.esthe-ranking.jp/yamato/yamato-station/asian/
取得中: https://www.esthe-ranking.jp/mizonokuchi/mizonokuchi-station/asian/
取得中: https://www.esthe-ranking.jp/nerima/nerima-station/asian/
取得中: https://www.esthe-ranking.jp/matsudo/shinmatsudo-station/asian/
取得中: https://www.esthe-ranking.jp/kawasaki/tsurumi-station/asian/
取得中: https://www.esthe-ranking.jp/iidabashi/asian/
取得中: https://www.esthe-ranking.jp/koshigaya/shinkoshigaya-station/asian/
取得中: https://www.esthe-ranking.jp/akabane/asian/
取得中: https://www.esthe-ranking.jp/koshigaya/kasukabe-station/asian/
取得中: https://www.esthe-ranking.jp/tsu/tsu-city/asian/
取得中: https://www.esthe-ranking.jp/ichikawa/motoyawata-station/asian/
取得中: https://www.esthe-ranking.jp/kameari/asian/
取得中: https://www.esthe-ranking.jp/kumagaya/kumagaya-city/asian/
OK: 履歴追記 → rank_history.csv / 最新更新 → rank_latest.csv
取得中: https://www.esthe-ranking.jp/shizuoka/shizuoka-city/asian/
取得中: https://www.esthe-ranking.jp/yokohama/higashikanagawa-station/asian/
取得中: https://www.esthe-ranking.jp/nishikawaguchi/kawaguchi-station/asian/
取得中: https://www.esthe-ranking.jp/funabashi/nishifunabashi-station/asian/
取得中: https://www.esthe-ranking.jp/kamata/asian/
取得中: https://www.esthe-ranking.jp/kashiwa/asian/
取得中: https://www.esthe-ranking.jp/numazu/asian/
取得中: https://www.esthe-ranking.jp/yamato/yamato-station/asian/
取得中: https://www.esthe-ranking.jp/mizonokuchi/mizonokuchi-station/asian/
取得中: https://www.esthe-ranking.jp/nerima/nerima-station/asian/
取得中: https://www.esthe-ranking.jp/matsudo/shinmatsudo-station/asian/
取得中: https://www.esthe-ranking.jp/kawasaki/tsurumi-station/asian/
取得中: https://www.esthe-ranking.jp/iidabashi/asian/
取得中: https://www.esthe-ranking.jp/koshigaya/shinkoshigaya-station/asian/
取得中: https://www.esthe-ranking.jp/akabane/asian/
取得中: https://www.esthe-ranking.jp/koshigaya/kasukabe-station/asian/
取得中: https://www.esthe-ranking.jp/tsu/tsu-city/asian/
取得中: https://www.esthe-ranking.jp/ichikawa/motoyawata-station/asian/
取得中: https://www.esthe-ranking.jp/kameari/asian/
取得中: https://www.esthe-ranking.jp/kumagaya/kumagaya-city/asian/
OK: 履歴追記 → rank_history.csv / 最新更新 → rank_latest.csv
取得中: https://www.esthe-ranking.jp/shizuoka/shizuoka-city/asian/
取得中: https://www.esthe-ranking.jp/yokohama/higashikanagawa-station/asian/
取得中: https://www.esthe-ranking.jp/nishikawaguchi/kawaguchi-station/asian/
取得中: https://www.esthe-ranking.jp/funabashi/nishifunabashi-station/asian/
取得中: https://www.esthe-ranking.jp/kamata/asian/
取得中: https://www.esthe-ranking.jp/kashiwa/asian/
取得中: https://www.esthe-ranking.jp/numazu/asian/
取得中: https://www.esthe-ranking.jp/yamato/yamato-station/asian/
取得中: https://www.esthe-ranking.jp/mizonokuchi/mizonokuchi-station/asian/
取得中: https://www.esthe-ranking.jp/nerima/nerima-station/asian/
取得中: https://www.esthe-ranking.jp/matsudo/shinmatsudo-station/asian/
取得中: https://www.esthe-ranking.jp/kawasaki/tsurumi-station/asian/
取得中: https://www.esthe-ranking.jp/iidabashi/asian/
取得中: https://www.esthe-ranking.jp/koshigaya/shinkoshigaya-station/asian/
取得中: https://www.esthe-ranking.jp/akabane/asian/
取得中: https://www.esthe-ranking.jp/koshigaya/kasukabe-station/asian/
取得中: https://www.esthe-ranking.jp/tsu/tsu-city/asian/
取得中: https://www.esthe-ranking.jp/ichikawa/motoyawata-station/asian/
取得中: https://www.esthe-ranking.jp/kameari/asian/
取得中: https://www.esthe-ranking.jp/kumagaya/kumagaya-city/asian/
OK: 履歴追記 → rank_history.csv / 最新更新 → rank_latest.csv
取得中: https://www.esthe-ranking.jp/shizuoka/shizuoka-city/asian/
取得中: https://www.esthe-ranking.jp/yokohama/higashikanagawa-station/asian/
取得中: https://www.esthe-ranking.jp/nishikawaguchi/kawaguchi-station/asian/
取得中: https://www.esthe-ranking.jp/funabashi/nishifunabashi-station/asian/
取得中: https://www.esthe-ranking.jp/kamata/asian/
取得中: https://www.esthe-ranking.jp/kashiwa/asian/
取得中: https://www.esthe-ranking.jp/numazu/asian/
取得中: https://www.esthe-ranking.jp/yamato/yamato-station/asian/
取得中: https://www.esthe-ranking.jp/mizonokuchi/mizonokuchi-station/asian/
取得中: https://www.esthe-ranking.jp/nerima/nerima-station/asian/
取得中: https://www.esthe-ranking.jp/matsudo/shinmatsudo-station/asian/
取得中: https://www.esthe-ranking.jp/kawasaki/tsurumi-station/asian/
取得中: https://www.esthe-ranking.jp/iidabashi/asian/
取得中: https://www.esthe-ranking.jp/koshigaya/shinkoshigaya-station/asian/
取得中: https://www.esthe-ranking.jp/akabane/asian/
取得中: https://www.esthe-ranking.jp/koshigaya/kasukabe-station/asian/
取得中: https://www.esthe-ranking.jp/tsu/tsu-city/asian/
取得中: https://www.esthe-ranking.jp/ichikawa/motoyawata-station/asian/
取得中: https://www.esthe-ranking.jp/kameari/asian/
取得中: https://www.esthe-ranking.jp/kumagaya/kumagaya-city/asian/
OK: 履歴追記 → rank_history.csv / 最新更新 → rank_latest.csv
取得中: https://www.esthe-ranking.jp/shizuoka/shizuoka-city/asian/
取得中: https://www.esthe-ranking.jp/yokohama/higashikanagawa-station/asian/
取得中: https://www.esthe-ranking.jp/nishikawaguchi/kawaguchi-station/asian/
取得中: https://www.esthe-ranking.jp/funabashi/nishifunabashi-station/asian/
取得中: https://www.esthe-ranking.jp/kamata/asian/
取得中: https://www.esthe-ranking.jp/kashiwa/asian/
取得中: https://www.esthe-ranking.jp/numazu/asian/
取得中: https://www.esthe-ranking.jp/yamato/yamato-station/asian/
取得中: https://www.esthe-ranking.jp/mizonokuchi/mizonokuchi-station/asian/
取得中: https://www.esthe-ranking.jp/nerima/nerima-station/asian/
取得中: https://www.esthe-ranking.jp/matsudo/shinmatsudo-station/asian/
取得中: https://www.esthe-ranking.jp/kawasaki/tsurumi-station/asian/
取得中: https://www.esthe-ranking.jp/iidabashi/asian/
取得中: https://www.esthe-ranking.jp/koshigaya/shinkoshigaya-station/asian/
取得中: https://www.esthe-ranking.jp/akabane/asian/
取得中: https://www.esthe-ranking.jp/koshigaya/kasukabe-station/asian/
取得中: https://www.esthe-ranking.jp/tsu/tsu-city/asian/
取得中: https://www.esthe-ranking.jp/ichikawa/motoyawata-station/asian/
取得中: https://www.esthe-ranking.jp/kameari/asian/
取得中: https://www.esthe-ranking.jp/kumagaya/kumagaya-city/asian/
OK: 履歴追記 → rank_history.csv / 最新更新 → rank_latest.csv
取得中: https://www.esthe-ranking.jp/shizuoka/shizuoka-city/asian/
取得中: https://www.esthe-ranking.jp/yokohama/higashikanagawa-station/asian/
取得中: https://www.esthe-ranking.jp/nishikawaguchi/kawaguchi-station/asian/
取得中: https://www.esthe-ranking.jp/funabashi/nishifunabashi-station/asian/
取得中: https://www.esthe-ranking.jp/kamata/asian/
取得中: https://www.esthe-ranking.jp/kashiwa/asian/
取得中: https://www.esthe-ranking.jp/numazu/asian/
取得中: https://www.esthe-ranking.jp/yamato/yamato-station/asian/
取得中: https://www.esthe-ranking.jp/mizonokuchi/mizonokuchi-station/asian/
取得中: https://www.esthe-ranking.jp/nerima/nerima-station/asian/
取得中: https://www.esthe-ranking.jp/matsudo/shinmatsudo-station/asian/
取得中: https://www.esthe-ranking.jp/kawasaki/tsurumi-station/asian/
取得中: https://www.esthe-ranking.jp/iidabashi/asian/
取得中: https://www.esthe-ranking.jp/koshigaya/shinkoshigaya-station/asian/
取得中: https://www.esthe-ranking.jp/akabane/asian/
取得中: https://www.esthe-ranking.jp/koshigaya/kasukabe-station/asian/
取得中: https://www.esthe-ranking.jp/tsu/tsu-city/asian/
取得中: https://www.esthe-ranking.jp/ichikawa/motoyawata-station/asian/
取得中: https://www.esthe-ranking.jp/kameari/asian/
取得中: https://www.esthe-ranking.jp/kumagaya/kumagaya-city/asian/
OK: 履歴追記 → rank_history.csv / 最新更新 → rank_latest.csv
取得中: https://www.esthe-ranking.jp/shizuoka/shizuoka-city/asian/
取得中: https://www.esthe-ranking.jp/yokohama/higashikanagawa-station/asian/
取得中: https://www.esthe-ranking.jp/nishikawaguchi/kawaguchi-station/asian/
取得中: https://www.esthe-ranking.jp/funabashi/nishifunabashi-station/asian/
取得中: https://www.esthe-ranking.jp/kamata/asian/
取得中: https://www.esthe-ranking.jp/kashiwa/asian/
取得中: https://www.esthe-ranking.jp/numazu/asian/
取得中: https://www.esthe-ranking.jp/yamato/yamato-station/asian/
取得中: https://www.esthe-ranking.jp/mizonokuchi/mizonokuchi-station/asian/
取得中: https://www.esthe-ranking.jp/nerima/nerima-station/asian/
取得中: https://www.esthe-ranking.jp/matsudo/shinmatsudo-station/asian/
取得中: https://www.esthe-ranking.jp/kawasaki/tsurumi-station/asian/
取得中: https://www.esthe-ranking.jp/iidabashi/asian/
取得中: https://www.esthe-ranking.jp/koshigaya/shinkoshigaya-station/asian/
取得中: https://www.esthe-ranking.jp/akabane/asian/
取得中: https://www.esthe-ranking.jp/koshigaya/kasukabe-station/asian/
取得中: https://www.esthe-ranking.jp/tsu/tsu-city/asian/
取得中: https://www.esthe-ranking.jp/ichikawa/motoyawata-station/asian/
取得中: https://www.esthe-ranking.jp/kameari/asian/
取得中: https://www.esthe-ranking.jp/kumagaya/kumagaya-city/asian/
OK: 履歴追記 → rank_history.csv / 最新更新 → rank_latest.csv
取得中: https://www.esthe-ranking.jp/shizuoka/shizuoka-city/asian/
取得中: https://www.esthe-ranking.jp/yokohama/higashikanagawa-station/asian/
取得中: https://www.esthe-ranking.jp/nishikawaguchi/kawaguchi-station/asian/
取得中: https://www.esthe-ranking.jp/funabashi/nishifunabashi-station/asian/
取得中: https://www.esthe-ranking.jp/kamata/asian/
取得中: https://www.esthe-ranking.jp/kashiwa/asian/
取得中: https://www.esthe-ranking.jp/numazu/asian/
取得中: https://www.esthe-ranking.jp/yamato/yamato-station/asian/
取得中: https://www.esthe-ranking.jp/mizonokuchi/mizonokuchi-station/asian/
取得中: https://www.esthe-ranking.jp/nerima/nerima-station/asian/
取得中: https://www.esthe-ranking.jp/matsudo/shinmatsudo-station/asian/
取得中: https://www.esthe-ranking.jp/kawasaki/tsurumi-station/asian/
取得中: https://www.esthe-ranking.jp/iidabashi/asian/
取得中: https://www.esthe-ranking.jp/koshigaya/shinkoshigaya-station/asian/
取得中: https://www.esthe-ranking.jp/akabane/asian/
取得中: https://www.esthe-ranking.jp/koshigaya/kasukabe-station/asian/
取得中: https://www.esthe-ranking.jp/tsu/tsu-city/asian/
取得中: https://www.esthe-ranking.jp/ichikawa/motoyawata-station/asian/
取得中: https://www.esthe-ranking.jp/kameari/asian/
取得中: https://www.esthe-ranking.jp/kumagaya/kumagaya-city/asian/
OK: 履歴追記 → rank_history.csv / 最新更新 → rank_latest.csv
取得中: https://www.esthe-ranking.jp/shizuoka/shizuoka-city/asian/
取得中: https://www.esthe-ranking.jp/yokohama/higashikanagawa-station/asian/
取得中: https://www.esthe-ranking.jp/nishikawaguchi/kawaguchi-station/asian/
取得中: https://www.esthe-ranking.jp/funabashi/nishifunabashi-station/asian/
取得中: https://www.esthe-ranking.jp/kamata/asian/
取得中: https://www.esthe-ranking.jp/kashiwa/asian/
取得中: https://www.esthe-ranking.jp/numazu/asian/
取得中: https://www.esthe-ranking.jp/yamato/yamato-station/asian/
取得中: https://www.esthe-ranking.jp/mizonokuchi/mizonokuchi-station/asian/
取得中: https://www.esthe-ranking.jp/nerima/nerima-station/asian/
取得中: https://www.esthe-ranking.jp/matsudo/shinmatsudo-station/asian/
取得中: https://www.esthe-ranking.jp/kawasaki/tsurumi-station/asian/
取得中: https://www.esthe-ranking.jp/iidabashi/asian/
取得中: https://www.esthe-ranking.jp/koshigaya/shinkoshigaya-station/asian/
取得中: https://www.esthe-ranking.jp/akabane/asian/
取得中: https://www.esthe-ranking.jp/koshigaya/kasukabe-station/asian/
取得中: https://www.esthe-ranking.jp/tsu/tsu-city/asian/
取得中: https://www.esthe-ranking.jp/ichikawa/motoyawata-station/asian/
取得中: https://www.esthe-ranking.jp/kameari/asian/
取得中: https://www.esthe-ranking.jp/kumagaya/kumagaya-city/asian/
OK: 履歴追記 → rank_history.csv / 最新更新 → rank_latest.csv
取得中: https://www.esthe-ranking.jp/shizuoka/shizuoka-city/asian/
取得中: https://www.esthe-ranking.jp/yokohama/higashikanagawa-station/asian/
取得中: https://www.esthe-ranking.jp/nishikawaguchi/kawaguchi-station/asian/
取得中: https://www.esthe-ranking.jp/funabashi/nishifunabashi-station/asian/
取得中: https://www.esthe-ranking.jp/kamata/asian/
取得中: https://www.esthe-ranking.jp/kashiwa/asian/
取得中: https://www.esthe-ranking.jp/numazu/asian/
取得中: https://www.esthe-ranking.jp/yamato/yamato-station/asian/
取得中: https://www.esthe-ranking.jp/mizonokuchi/mizonokuchi-station/asian/
取得中: https://www.esthe-ranking.jp/nerima/nerima-station/asian/
取得中: https://www.esthe-ranking.jp/matsudo/shinmatsudo-station/asian/
取得中: https://www.esthe-ranking.jp/kawasaki/tsurumi-station/asian/
取得中: https://www.esthe-ranking.jp/iidabashi/asian/
取得中: https://www.esthe-ranking.jp/koshigaya/shinkoshigaya-station/asian/
取得中: https://www.esthe-ranking.jp/akabane/asian/
取得中: https://www.esthe-ranking.jp/koshigaya/kasukabe-station/asian/
取得中: https://www.esthe-ranking.jp/tsu/tsu-city/asian/
取得中: https://www.esthe-ranking.jp/ichikawa/motoyawata-station/asian/
取得中: https://www.esthe-ranking.jp/kameari/asian/
取得中: https://www.esthe-ranking.jp/kumagaya/kumagaya-city/asian/
OK: 履歴追記 → rank_history.csv / 最新更新 → rank_latest.csv
取得中: https://www.esthe-ranking.jp/shizuoka/shizuoka-city/asian/
取得中: https://www.esthe-ranking.jp/yokohama/higashikanagawa-station/asian/
取得中: https://www.esthe-ranking.jp/nishikawaguchi/kawaguchi-station/asian/
取得中: https://www.esthe-ranking.jp/funabashi/nishifunabashi-station/asian/
取得中: https://www.esthe-ranking.jp/kamata/asian/
取得中: https://www.esthe-ranking.jp/kashiwa/asian/
取得中: https://www.esthe-ranking.jp/numazu/asian/
取得中: https://www.esthe-ranking.jp/yamato/yamato-station/asian/
取得中: https://www.esthe-ranking.jp/mizonokuchi/mizonokuchi-station/asian/
取得中: https://www.esthe-ranking.jp/nerima/nerima-station/asian/
取得中: https://www.esthe-ranking.jp/matsudo/shinmatsudo-station/asian/
取得中: https://www.esthe-ranking.jp/kawasaki/tsurumi-station/asian/
取得中: https://www.esthe-ranking.jp/iidabashi/asian/
取得中: https://www.esthe-ranking.jp/koshigaya/shinkoshigaya-station/asian/
取得中: https://www.esthe-ranking.jp/akabane/asian/
取得中: https://www.esthe-ranking.jp/koshigaya/kasukabe-station/asian/
取得中: https://www.esthe-ranking.jp/tsu/tsu-city/asian/
取得中: https://www.esthe-ranking.jp/ichikawa/motoyawata-station/asian/
取得中: https://www.esthe-ranking.jp/kameari/asian/
取得中: https://www.esthe-ranking.jp/kumagaya/kumagaya-city/asian/
OK: 履歴追記 → rank_history.csv / 最新更新 → rank_latest.csv
取得中: https://www.esthe-ranking.jp/shizuoka/shizuoka-city/asian/
取得中: https://www.esthe-ranking.jp/yokohama/higashikanagawa-station/asian/
取得中: https://www.esthe-ranking.jp/nishikawaguchi/kawaguchi-station/asian/
取得中: https://www.esthe-ranking.jp/funabashi/nishifunabashi-station/asian/
取得中: https://www.esthe-ranking.jp/kamata/asian/
取得中: https://www.esthe-ranking.jp/kashiwa/asian/
取得中: https://www.esthe-ranking.jp/numazu/asian/
取得中: https://www.esthe-ranking.jp/yamato/yamato-station/asian/
取得中: https://www.esthe-ranking.jp/mizonokuchi/mizonokuchi-station/asian/
取得中: https://www.esthe-ranking.jp/nerima/nerima-station/asian/
取得中: https://www.esthe-ranking.jp/matsudo/shinmatsudo-station/asian/
取得中: https://www.esthe-ranking.jp/kawasaki/tsurumi-station/asian/
取得中: https://www.esthe-ranking.jp/iidabashi/asian/
取得中: https://www.esthe-ranking.jp/koshigaya/shinkoshigaya-station/asian/
取得中: https://www.esthe-ranking.jp/akabane/asian/
取得中: https://www.esthe-ranking.jp/koshigaya/kasukabe-station/asian/
取得中: https://www.esthe-ranking.jp/tsu/tsu-city/asian/
取得中: https://www.esthe-ranking.jp/ichikawa/motoyawata-station/asian/
取得中: https://www.esthe-ranking.jp/kameari/asian/
取得中: https://www.esthe-ranking.jp/kumagaya/kumagaya-city/asian/
OK: 履歴追記 → rank_history.csv / 最新更新 → rank_latest.csv
取得中: https://www.esthe-ranking.jp/shizuoka/shizuoka-city/asian/
取得中: https://www.esthe-ranking.jp/yokohama/higashikanagawa-station/asian/
取得中: https://www.esthe-ranking.jp/nishikawaguchi/kawaguchi-station/asian/
取得中: https://www.esthe-ranking.jp/funabashi/nishifunabashi-station/asian/
取得中: https://www.esthe-ranking.jp/kamata/asian/
取得中: https://www.esthe-ranking.jp/kashiwa/asian/
取得中: https://www.esthe-ranking.jp/numazu/asian/
取得中: https://www.esthe-ranking.jp/yamato/yamato-station/asian/
取得中: https://www.esthe-ranking.jp/mizonokuchi/mizonokuchi-station/asian/
取得中: https://www.esthe-ranking.jp/nerima/nerima-station/asian/
取得中: https://www.esthe-ranking.jp/matsudo/shinmatsudo-station/asian/
取得中: https://www.esthe-ranking.jp/kawasaki/tsurumi-station/asian/
取得中: https://www.esthe-ranking.jp/iidabashi/asian/
取得中: https://www.esthe-ranking.jp/koshigaya/shinkoshigaya-station/asian/
取得中: https://www.esthe-ranking.jp/akabane/asian/
取得中: https://www.esthe-ranking.jp/koshigaya/kasukabe-station/asian/
取得中: https://www.esthe-ranking.jp/tsu/tsu-city/asian/
取得中: https://www.esthe-ranking.jp/ichikawa/motoyawata-station/asian/
取得中: https://www.esthe-ranking.jp/kameari/asian/
取得中: https://www.esthe-ranking.jp/kumagaya/kumagaya-city/asian/
OK: 履歴追記 → rank_history.csv / 最新更新 → rank_latest.csv
取得中: https://www.esthe-ranking.jp/shizuoka/shizuoka-city/asian/
取得中: https://www.esthe-ranking.jp/yokohama/higashikanagawa-station/asian/
取得中: https://www.esthe-ranking.jp/nishikawaguchi/kawaguchi-station/asian/
取得中: https://www.esthe-ranking.jp/funabashi/nishifunabashi-station/asian/
取得中: https://www.esthe-ranking.jp/kamata/asian/
取得中: https://www.esthe-ranking.jp/kashiwa/asian/
取得中: https://www.esthe-ranking.jp/numazu/asian/
取得中: https://www.esthe-ranking.jp/yamato/yamato-station/asian/
取得中: https://www.esthe-ranking.jp/mizonokuchi/mizonokuchi-station/asian/
取得中: https://www.esthe-ranking.jp/nerima/nerima-station/asian/
取得中: https://www.esthe-ranking.jp/matsudo/shinmatsudo-station/asian/
取得中: https://www.esthe-ranking.jp/kawasaki/tsurumi-station/asian/
取得中: https://www.esthe-ranking.jp/iidabashi/asian/
取得中: https://www.esthe-ranking.jp/koshigaya/shinkoshigaya-station/asian/
取得中: https://www.esthe-ranking.jp/akabane/asian/
取得中: https://www.esthe-ranking.jp/koshigaya/kasukabe-station/asian/
取得中: https://www.esthe-ranking.jp/tsu/tsu-city/asian/
取得中: https://www.esthe-ranking.jp/ichikawa/motoyawata-station/asian/
取得中: https://www.esthe-ranking.jp/kameari/asian/
取得中: https://www.esthe-ranking.jp/kumagaya/kumagaya-city/asian/
OK: 履歴追記 → rank_history.csv / 最新更新 → rank_latest.csv
取得中: https://www.esthe-ranking.jp/shizuoka/shizuoka-city/asian/
取得中: https://www.esthe-ranking.jp/yokohama/higashikanagawa-station/asian/
取得中: https://www.esthe-ranking.jp/nishikawaguchi/kawaguchi-station/asian/
取得中: https://www.esthe-ranking.jp/funabashi/nishifunabashi-station/asian/
取得中: https://www.esthe-ranking.jp/kamata/asian/
取得中: https://www.esthe-ranking.jp/kashiwa/asian/
取得中: https://www.esthe-ranking.jp/numazu/asian/
取得中: https://www.esthe-ranking.jp/yamato/yamato-station/asian/
取得中: https://www.esthe-ranking.jp/mizonokuchi/mizonokuchi-station/asian/
取得中: https://www.esthe-ranking.jp/nerima/nerima-station/asian/
取得中: https://www.esthe-ranking.jp/matsudo/shinmatsudo-station/asian/
取得中: https://www.esthe-ranking.jp/kawasaki/tsurumi-station/asian/
取得中: https://www.esthe-ranking.jp/iidabashi/asian/
取得中: https://www.esthe-ranking.jp/koshigaya/shinkoshigaya-station/asian/
取得中: https://www.esthe-ranking.jp/akabane/asian/
取得中: https://www.esthe-ranking.jp/koshigaya/kasukabe-station/asian/
取得中: https://www.esthe-ranking.jp/tsu/tsu-city/asian/
取得中: https://www.esthe-ranking.jp/ichikawa/motoyawata-station/asian/
取得中: https://www.esthe-ranking.jp/kameari/asian/
取得中: https://www.esthe-ranking.jp/kumagaya/kumagaya-city/asian/
OK: 履歴追記 → rank_history.csv / 最新更新 → rank_latest.csv
取得中: https://www.esthe-ranking.jp/shizuoka/shizuoka-city/asian/
取得中: https://www.esthe-ranking.jp/yokohama/higashikanagawa-station/asian/
取得中: https://www.esthe-ranking.jp/nishikawaguchi/kawaguchi-station/asian/
取得中: https://www.esthe-ranking.jp/funabashi/nishifunabashi-station/asian/
取得中: https://www.esthe-ranking.jp/kamata/asian/
取得中: https://www.esthe-ranking.jp/kashiwa/asian/
取得中: https://www.esthe-ranking.jp/numazu/asian/
取得中: https://www.esthe-ranking.jp/yamato/yamato-station/asian/
取得中: https://www.esthe-ranking.jp/mizonokuchi/mizonokuchi-station/asian/
取得中: https://www.esthe-ranking.jp/nerima/nerima-station/asian/
取得中: https://www.esthe-ranking.jp/matsudo/shinmatsudo-station/asian/
取得中: https://www.esthe-ranking.jp/kawasaki/tsurumi-station/asian/
取得中: https://www.esthe-ranking.jp/iidabashi/asian/
取得中: https://www.esthe-ranking.jp/koshigaya/shinkoshigaya-station/asian/
取得中: https://www.esthe-ranking.jp/akabane/asian/
取得中: https://www.esthe-ranking.jp/koshigaya/kasukabe-station/asian/
取得中: https://www.esthe-ranking.jp/tsu/tsu-city/asian/
取得中: https://www.esthe-ranking.jp/ichikawa/motoyawata-station/asian/
取得中: https://www.esthe-ranking.jp/kameari/asian/
取得中: https://www.esthe-ranking.jp/kumagaya/kumagaya-city/asian/
OK: 履歴追記 → rank_history.csv / 最新更新 → rank_latest.csv
取得中: https://www.esthe-ranking.jp/shizuoka/shizuoka-city/asian/
取得中: https://www.esthe-ranking.jp/yokohama/higashikanagawa-station/asian/
取得中: https://www.esthe-ranking.jp/nishikawaguchi/kawaguchi-station/asian/
取得中: https://www.esthe-ranking.jp/funabashi/nishifunabashi-station/asian/
取得中: https://www.esthe-ranking.jp/kamata/asian/
取得中: https://www.esthe-ranking.jp/kashiwa/asian/
取得中: https://www.esthe-ranking.jp/numazu/asian/
取得中: https://www.esthe-ranking.jp/yamato/yamato-station/asian/
取得中: https://www.esthe-ranking.jp/mizonokuchi/mizonokuchi-station/asian/
取得中: https://www.esthe-ranking.jp/nerima/nerima-station/asian/
取得中: https://www.esthe-ranking.jp/matsudo/shinmatsudo-station/asian/
取得中: https://www.esthe-ranking.jp/kawasaki/tsurumi-station/asian/
取得中: https://www.esthe-ranking.jp/iidabashi/asian/
取得中: https://www.esthe-ranking.jp/koshigaya/shinkoshigaya-station/asian/
取得中: https://www.esthe-ranking.jp/akabane/asian/
取得中: https://www.esthe-ranking.jp/koshigaya/kasukabe-station/asian/
取得中: https://www.esthe-ranking.jp/tsu/tsu-city/asian/
取得中: https://www.esthe-ranking.jp/ichikawa/motoyawata-station/asian/
取得中: https://www.esthe-ranking.jp/kameari/asian/
取得中: https://www.esthe-ranking.jp/kumagaya/kumagaya-city/asian/
OK: 履歴追記 → rank_history.csv / 最新更新 → rank_latest.csv
取得中: https://www.esthe-ranking.jp/shizuoka/shizuoka-city/asian/
取得中: https://www.esthe-ranking.jp/yokohama/higashikanagawa-station/asian/
取得中: https://www.esthe-ranking.jp/nishikawaguchi/kawaguchi-station/asian/
取得中: https://www.esthe-ranking.jp/funabashi/nishifunabashi-station/asian/
取得中: https://www.esthe-ranking.jp/kamata/asian/
取得中: https://www.esthe-ranking.jp/kashiwa/asian/
取得中: https://www.esthe-ranking.jp/numazu/asian/
取得中: https://www.esthe-ranking.jp/yamato/yamato-station/asian/
取得中: https://www.esthe-ranking.jp/mizonokuchi/mizonokuchi-station/asian/
取得中: https://www.esthe-ranking.jp/nerima/nerima-station/asian/
取得中: https://www.esthe-ranking.jp/matsudo/shinmatsudo-station/asian/
取得中: https://www.esthe-ranking.jp/kawasaki/tsurumi-station/asian/
取得中: https://www.esthe-ranking.jp/iidabashi/asian/
取得中: https://www.esthe-ranking.jp/koshigaya/shinkoshigaya-station/asian/
取得中: https://www.esthe-ranking.jp/akabane/asian/
取得中: https://www.esthe-ranking.jp/koshigaya/kasukabe-station/asian/
取得中: https://www.esthe-ranking.jp/tsu/tsu-city/asian/
取得中: https://www.esthe-ranking.jp/ichikawa/motoyawata-station/asian/
取得中: https://www.esthe-ranking.jp/kameari/asian/
取得中: https://www.esthe-ranking.jp/kumagaya/kumagaya-city/asian/
OK: 履歴追記 → rank_history.csv / 最新更新 → rank_latest.csv
取得中: https://www.esthe-ranking.jp/shizuoka/shizuoka-city/asian/
取得中: https://www.esthe-ranking.jp/yokohama/higashikanagawa-station/asian/
取得中: https://www.esthe-ranking.jp/nishikawaguchi/kawaguchi-station/asian/
取得中: https://www.esthe-ranking.jp/funabashi/nishifunabashi-station/asian/
取得中: https://www.esthe-ranking.jp/kamata/asian/
取得中: https://www.esthe-ranking.jp/kashiwa/asian/
取得中: https://www.esthe-ranking.jp/numazu/asian/
取得中: https://www.esthe-ranking.jp/yamato/yamato-station/asian/
取得中: https://www.esthe-ranking.jp/mizonokuchi/mizonokuchi-station/asian/
取得中: https://www.esthe-ranking.jp/nerima/nerima-station/asian/
取得中: https://www.esthe-ranking.jp/matsudo/shinmatsudo-station/asian/
取得中: https://www.esthe-ranking.jp/kawasaki/tsurumi-station/asian/
取得中: https://www.esthe-ranking.jp/iidabashi/asian/
取得中: https://www.esthe-ranking.jp/koshigaya/shinkoshigaya-station/asian/
取得中: https://www.esthe-ranking.jp/akabane/asian/
取得中: https://www.esthe-ranking.jp/koshigaya/kasukabe-station/asian/
取得中: https://www.esthe-ranking.jp/tsu/tsu-city/asian/
取得中: https://www.esthe-ranking.jp/ichikawa/motoyawata-station/asian/
取得中: https://www.esthe-ranking.jp/kameari/asian/
取得中: https://www.esthe-ranking.jp/kumagaya/kumagaya-city/asian/
OK: 履歴追記 → rank_history.csv / 最新更新 → rank_latest.csv
取得中: https://www.esthe-ranking.jp/shizuoka/shizuoka-city/asian/
取得中: https://www.esthe-ranking.jp/yokohama/higashikanagawa-station/asian/
取得中: https://www.esthe-ranking.jp/nishikawaguchi/kawaguchi-station/asian/
取得中: https://www.esthe-ranking.jp/funabashi/nishifunabashi-station/asian/
取得中: https://www.esthe-ranking.jp/kamata/asian/
取得中: https://www.esthe-ranking.jp/kashiwa/asian/
取得中: https://www.esthe-ranking.jp/numazu/asian/
取得中: https://www.esthe-ranking.jp/yamato/yamato-station/asian/
取得中: https://www.esthe-ranking.jp/mizonokuchi/mizonokuchi-station/asian/
取得中: https://www.esthe-ranking.jp/nerima/nerima-station/asian/
取得中: https://www.esthe-ranking.jp/matsudo/shinmatsudo-station/asian/
取得中: https://www.esthe-ranking.jp/kawasaki/tsurumi-station/asian/
取得中: https://www.esthe-ranking.jp/iidabashi/asian/
取得中: https://www.esthe-ranking.jp/koshigaya/shinkoshigaya-station/asian/
取得中: https://www.esthe-ranking.jp/akabane/asian/
取得中: https://www.esthe-ranking.jp/koshigaya/kasukabe-station/asian/
取得中: https://www.esthe-ranking.jp/tsu/tsu-city/asian/
取得中: https://www.esthe-ranking.jp/ichikawa/motoyawata-station/asian/
取得中: https://www.esthe-ranking.jp/kameari/asian/
取得中: https://www.esthe-ranking.jp/kumagaya/kumagaya-city/asian/
OK: 履歴追記 → rank_history.csv / 最新更新 → rank_latest.csv
取得中: https://www.esthe-ranking.jp/shizuoka/shizuoka-city/asian/
取得中: https://www.esthe-ranking.jp/yokohama/higashikanagawa-station/asian/
取得中: https://www.esthe-ranking.jp/nishikawaguchi/kawaguchi-station/asian/
取得中: https://www.esthe-ranking.jp/funabashi/nishifunabashi-station/asian/
取得中: https://www.esthe-ranking.jp/kamata/asian/
取得中: https://www.esthe-ranking.jp/kashiwa/asian/
取得中: https://www.esthe-ranking.jp/numazu/asian/
取得中: https://www.esthe-ranking.jp/yamato/yamato-station/asian/
取得中: https://www.esthe-ranking.jp/mizonokuchi/mizonokuchi-station/asian/
取得中: https://www.esthe-ranking.jp/nerima/nerima-station/asian/
取得中: https://www.esthe-ranking.jp/matsudo/shinmatsudo-station/asian/
取得中: https://www.esthe-ranking.jp/kawasaki/tsurumi-station/asian/
取得中: https://www.esthe-ranking.jp/iidabashi/asian/
取得中: https://www.esthe-ranking.jp/koshigaya/shinkoshigaya-station/asian/
取得中: https://www.esthe-ranking.jp/akabane/asian/
取得中: https://www.esthe-ranking.jp/koshigaya/kasukabe-station/asian/
取得中: https://www.esthe-ranking.jp/tsu/tsu-city/asian/
取得中: https://www.esthe-ranking.jp/ichikawa/motoyawata-station/asian/
取得中: https://www.esthe-ranking.jp/kameari/asian/
取得中: https://www.esthe-ranking.jp/kumagaya/kumagaya-city/asian/
OK: 履歴追記 → rank_history.csv / 最新更新 → rank_latest.csv
取得中: https://www.esthe-ranking.jp/shizuoka/shizuoka-city/asian/
取得中: https://www.esthe-ranking.jp/yokohama/higashikanagawa-station/asian/
取得中: https://www.esthe-ranking.jp/nishikawaguchi/kawaguchi-station/asian/
取得中: https://www.esthe-ranking.jp/funabashi/nishifunabashi-station/asian/
取得中: https://www.esthe-ranking.jp/kamata/asian/
取得中: https://www.esthe-ranking.jp/kashiwa/asian/
取得中: https://www.esthe-ranking.jp/numazu/asian/
取得中: https://www.esthe-ranking.jp/yamato/yamato-station/asian/
取得中: https://www.esthe-ranking.jp/mizonokuchi/mizonokuchi-station/asian/
取得中: https://www.esthe-ranking.jp/nerima/nerima-station/asian/
取得中: https://www.esthe-ranking.jp/matsudo/shinmatsudo-station/asian/
取得中: https://www.esthe-ranking.jp/kawasaki/tsurumi-station/asian/
取得中: https://www.esthe-ranking.jp/iidabashi/asian/
取得中: https://www.esthe-ranking.jp/koshigaya/shinkoshigaya-station/asian/
取得中: https://www.esthe-ranking.jp/akabane/asian/
取得中: https://www.esthe-ranking.jp/koshigaya/kasukabe-station/asian/
取得中: https://www.esthe-ranking.jp/tsu/tsu-city/asian/
取得中: https://www.esthe-ranking.jp/ichikawa/motoyawata-station/asian/
取得中: https://www.esthe-ranking.jp/kameari/asian/
取得中: https://www.esthe-ranking.jp/kumagaya/kumagaya-city/asian/
OK: 履歴追記 → rank_history.csv / 最新更新 → rank_latest.csv
取得中: https://www.esthe-ranking.jp/shizuoka/shizuoka-city/asian/
取得中: https://www.esthe-ranking.jp/yokohama/higashikanagawa-station/asian/
取得中: https://www.esthe-ranking.jp/nishikawaguchi/kawaguchi-station/asian/
取得中: https://www.esthe-ranking.jp/funabashi/nishifunabashi-station/asian/
取得中: https://www.esthe-ranking.jp/kamata/asian/
取得中: https://www.esthe-ranking.jp/kashiwa/asian/
取得中: https://www.esthe-ranking.jp/numazu/asian/
取得中: https://www.esthe-ranking.jp/yamato/yamato-station/asian/
取得中: https://www.esthe-ranking.jp/mizonokuchi/mizonokuchi-station/asian/
取得中: https://www.esthe-ranking.jp/nerima/nerima-station/asian/
取得中: https://www.esthe-ranking.jp/matsudo/shinmatsudo-station/asian/
取得中: https://www.esthe-ranking.jp/kawasaki/tsurumi-station/asian/
取得中: https://www.esthe-ranking.jp/iidabashi/asian/
取得中: https://www.esthe-ranking.jp/koshigaya/shinkoshigaya-station/asian/
取得中: https://www.esthe-ranking.jp/akabane/asian/
取得中: https://www.esthe-ranking.jp/koshigaya/kasukabe-station/asian/
取得中: https://www.esthe-ranking.jp/tsu/tsu-city/asian/
取得中: https://www.esthe-ranking.jp/ichikawa/motoyawata-station/asian/
取得中: https://www.esthe-ranking.jp/kameari/asian/
取得中: https://www.esthe-ranking.jp/kumagaya/kumagaya-city/asian/
OK: 履歴追記 → rank_history.csv / 最新更新 → rank_latest.csv
取得中: https://www.esthe-ranking.jp/shizuoka/shizuoka-city/asian/
取得中: https://www.esthe-ranking.jp/yokohama/higashikanagawa-station/asian/
取得中: https://www.esthe-ranking.jp/nishikawaguchi/kawaguchi-station/asian/
取得中: https://www.esthe-ranking.jp/funabashi/nishifunabashi-station/asian/
取得中: https://www.esthe-ranking.jp/kamata/asian/
取得中: https://www.esthe-ranking.jp/kashiwa/asian/
取得中: https://www.esthe-ranking.jp/numazu/asian/
取得中: https://www.esthe-ranking.jp/yamato/yamato-station/asian/
取得中: https://www.esthe-ranking.jp/mizonokuchi/mizonokuchi-station/asian/
取得中: https://www.esthe-ranking.jp/nerima/nerima-station/asian/
取得中: https://www.esthe-ranking.jp/matsudo/shinmatsudo-station/asian/
取得中: https://www.esthe-ranking.jp/kawasaki/tsurumi-station/asian/
取得中: https://www.esthe-ranking.jp/iidabashi/asian/
取得中: https://www.esthe-ranking.jp/koshigaya/shinkoshigaya-station/asian/
取得中: https://www.esthe-ranking.jp/akabane/asian/
取得中: https://www.esthe-ranking.jp/koshigaya/kasukabe-station/asian/
取得中: https://www.esthe-ranking.jp/tsu/tsu-city/asian/
取得中: https://www.esthe-ranking.jp/ichikawa/motoyawata-station/asian/
取得中: https://www.esthe-ranking.jp/kameari/asian/
取得中: https://www.esthe-ranking.jp/kumagaya/kumagaya-city/asian/
OK: 履歴追記 → rank_history.csv / 最新更新 → rank_latest.csv
取得中: https://www.esthe-ranking.jp/shizuoka/shizuoka-city/asian/
取得中: https://www.esthe-ranking.jp/yokohama/higashikanagawa-station/asian/
取得中: https://www.esthe-ranking.jp/nishikawaguchi/kawaguchi-station/asian/
取得中: https://www.esthe-ranking.jp/funabashi/nishifunabashi-station/asian/
取得中: https://www.esthe-ranking.jp/kamata/asian/
取得中: https://www.esthe-ranking.jp/kashiwa/asian/
取得中: https://www.esthe-ranking.jp/numazu/asian/
取得中: https://www.esthe-ranking.jp/yamato/yamato-station/asian/
取得中: https://www.esthe-ranking.jp/mizonokuchi/mizonokuchi-station/asian/
取得中: https://www.esthe-ranking.jp/nerima/nerima-station/asian/
取得中: https://www.esthe-ranking.jp/matsudo/shinmatsudo-station/asian/
取得中: https://www.esthe-ranking.jp/kawasaki/tsurumi-station/asian/
取得中: https://www.esthe-ranking.jp/iidabashi/asian/
取得中: https://www.esthe-ranking.jp/koshigaya/shinkoshigaya-station/asian/
取得中: https://www.esthe-ranking.jp/akabane/asian/
取得中: https://www.esthe-ranking.jp/koshigaya/kasukabe-station/asian/
取得中: https://www.esthe-ranking.jp/tsu/tsu-city/asian/
取得中: https://www.esthe-ranking.jp/ichikawa/motoyawata-station/asian/
取得中: https://www.esthe-ranking.jp/kameari/asian/
取得中: https://www.esthe-ranking.jp/kumagaya/kumagaya-city/asian/
OK: 履歴追記 → rank_history.csv / 最新更新 → rank_latest.csv
/bin/bash: /Users/koichi/Desktop/xiaoxiao/run_all.command: Operation not permitted
/bin/bash: /Users/koichi/Desktop/xiaoxiao/run_all.command: Operation not permitted
取得中: https://www.esthe-ranking.jp/shizuoka/shizuoka-city/asian/
取得中: https://www.esthe-ranking.jp/yokohama/higashikanagawa-station/asian/
取得中: https://www.esthe-ranking.jp/nishikawaguchi/kawaguchi-station/asian/
取得中: https://www.esthe-ranking.jp/funabashi/nishifunabashi-station/asian/
取得中: https://www.esthe-ranking.jp/kamata/asian/
取得中: https://www.esthe-ranking.jp/kashiwa/asian/
取得中: https://www.esthe-ranking.jp/numazu/asian/
取得中: https://www.esthe-ranking.jp/yamato/yamato-station/asian/
取得中: https://www.esthe-ranking.jp/mizonokuchi/mizonokuchi-station/asian/
取得中: https://www.esthe-ranking.jp/nerima/nerima-station/asian/
取得中: https://www.esthe-ranking.jp/matsudo/shinmatsudo-station/asian/
取得中: https://www.esthe-ranking.jp/kawasaki/tsurumi-station/asian/
取得中: https://www.esthe-ranking.jp/iidabashi/asian/
取得中: https://www.esthe-ranking.jp/koshigaya/shinkoshigaya-station/asian/
取得中: https://www.esthe-ranking.jp/akabane/asian/
取得中: https://www.esthe-ranking.jp/koshigaya/kasukabe-station/asian/
取得中: https://www.esthe-ranking.jp/tsu/tsu-city/asian/
取得中: https://www.esthe-ranking.jp/ichikawa/motoyawata-station/asian/
取得中: https://www.esthe-ranking.jp/kameari/asian/
取得中: https://www.esthe-ranking.jp/kumagaya/kumagaya-city/asian/
OK: 履歴追記 → rank_history.csv / 最新更新 → rank_latest.csv
/bin/bash: /Users/koichi/Desktop/xiaoxiao/run_all.command: Operation not permitted
/bin/bash: /Users/koichi/Desktop/xiaoxiao/run_all.command: Operation not permitted
取得中: https://www.esthe-ranking.jp/shizuoka/shizuoka-city/asian/
取得中: https://www.esthe-ranking.jp/yokohama/higashikanagawa-station/asian/
取得中: https://www.esthe-ranking.jp/nishikawaguchi/kawaguchi-station/asian/
取得中: https://www.esthe-ranking.jp/funabashi/nishifunabashi-station/asian/
取得中: https://www.esthe-ranking.jp/kamata/asian/
取得中: https://www.esthe-ranking.jp/kashiwa/asian/
取得中: https://www.esthe-ranking.jp/numazu/asian/
取得中: https://www.esthe-ranking.jp/yamato/yamato-station/asian/
取得中: https://www.esthe-ranking.jp/mizonokuchi/mizonokuchi-station/asian/
取得中: https://www.esthe-ranking.jp/nerima/nerima-station/asian/
取得中: https://www.esthe-ranking.jp/matsudo/shinmatsudo-station/asian/
取得中: https://www.esthe-ranking.jp/kawasaki/tsurumi-station/asian/
取得中: https://www.esthe-ranking.jp/iidabashi/asian/
取得中: https://www.esthe-ranking.jp/koshigaya/shinkoshigaya-station/asian/
取得中: https://www.esthe-ranking.jp/akabane/asian/
取得中: https://www.esthe-ranking.jp/koshigaya/kasukabe-station/asian/
取得中: https://www.esthe-ranking.jp/tsu/tsu-city/asian/
取得中: https://www.esthe-ranking.jp/ichikawa/motoyawata-station/asian/
取得中: https://www.esthe-ranking.jp/kameari/asian/
取得中: https://www.esthe-ranking.jp/kumagaya/kumagaya-city/asian/
OK: 履歴追記 → rank_history.csv / 最新更新 → rank_latest.csv
/bin/bash: /Users/koichi/Desktop/xiaoxiao/run_all.command: Operation not permitted
Already up to date.
取得中: https://www.esthe-ranking.jp/shizuoka/shizuoka-city/asian/
取得中: https://www.esthe-ranking.jp/yokohama/higashikanagawa-station/asian/
取得中: https://www.esthe-ranking.jp/nishikawaguchi/kawaguchi-station/asian/
取得中: https://www.esthe-ranking.jp/funabashi/nishifunabashi-station/asian/
取得中: https://www.esthe-ranking.jp/kamata/asian/
取得中: https://www.esthe-ranking.jp/kashiwa/asian/
取得中: https://www.esthe-ranking.jp/numazu/asian/
取得中: https://www.esthe-ranking.jp/yamato/yamato-station/asian/
取得中: https://www.esthe-ranking.jp/mizonokuchi/mizonokuchi-station/asian/
取得中: https://www.esthe-ranking.jp/nerima/nerima-station/asian/
取得中: https://www.esthe-ranking.jp/matsudo/shinmatsudo-station/asian/
取得中: https://www.esthe-ranking.jp/kawasaki/tsurumi-station/asian/
取得中: https://www.esthe-ranking.jp/iidabashi/asian/
取得中: https://www.esthe-ranking.jp/koshigaya/shinkoshigaya-station/asian/
取得中: https://www.esthe-ranking.jp/akabane/asian/
取得中: https://www.esthe-ranking.jp/koshigaya/kasukabe-station/asian/
取得中: https://www.esthe-ranking.jp/tsu/tsu-city/asian/
取得中: https://www.esthe-ranking.jp/ichikawa/motoyawata-station/asian/
取得中: https://www.esthe-ranking.jp/kameari/asian/
取得中: https://www.esthe-ranking.jp/kumagaya/kumagaya-city/asian/
OK: 履歴追記 → rank_history.csv / 最新更新 → rank_latest.csv
[main bf27bad] auto update
 31 files changed, 116 insertions(+), 29 deletions(-)
fatal: could not read Username for 'https://github.com': Device not configured
Already up to date.
取得中: https://www.esthe-ranking.jp/shizuoka/shizuoka-city/asian/
取得中: https://www.esthe-ranking.jp/yokohama/higashikanagawa-station/asian/
取得中: https://www.esthe-ranking.jp/nishikawaguchi/kawaguchi-station/asian/
取得中: https://www.esthe-ranking.jp/funabashi/nishifunabashi-station/asian/
取得中: https://www.esthe-ranking.jp/kamata/asian/
取得中: https://www.esthe-ranking.jp/kashiwa/asian/
取得中: https://www.esthe-ranking.jp/numazu/asian/
取得中: https://www.esthe-ranking.jp/yamato/yamato-station/asian/
取得中: https://www.esthe-ranking.jp/mizonokuchi/mizonokuchi-station/asian/
取得中: https://www.esthe-ranking.jp/nerima/nerima-station/asian/
取得中: https://www.esthe-ranking.jp/matsudo/shinmatsudo-station/asian/
取得中: https://www.esthe-ranking.jp/kawasaki/tsurumi-station/asian/
取得中: https://www.esthe-ranking.jp/iidabashi/asian/
取得中: https://www.esthe-ranking.jp/koshigaya/shinkoshigaya-station/asian/
取得中: https://www.esthe-ranking.jp/akabane/asian/
取得中: https://www.esthe-ranking.jp/koshigaya/kasukabe-station/asian/
取得中: https://www.esthe-ranking.jp/tsu/tsu-city/asian/
取得中: https://www.esthe-ranking.jp/ichikawa/motoyawata-station/asian/
取得中: https://www.esthe-ranking.jp/kameari/asian/
取得中: https://www.esthe-ranking.jp/kumagaya/kumagaya-city/asian/
OK: 履歴追記 → rank_history.csv / 最新更新 → rank_latest.csv
Already up to date.
取得中: https://www.esthe-ranking.jp/shizuoka/shizuoka-city/asian/
取得中: https://www.esthe-ranking.jp/yokohama/higashikanagawa-station/asian/
取得中: https://www.esthe-ranking.jp/nishikawaguchi/kawaguchi-station/asian/
取得中: https://www.esthe-ranking.jp/funabashi/nishifunabashi-station/asian/
取得中: https://www.esthe-ranking.jp/kamata/asian/
取得中: https://www.esthe-ranking.jp/kashiwa/asian/
取得中: https://www.esthe-ranking.jp/numazu/asian/
取得中: https://www.esthe-ranking.jp/yamato/yamato-station/asian/
取得中: https://www.esthe-ranking.jp/mizonokuchi/mizonokuchi-station/asian/
取得中: https://www.esthe-ranking.jp/nerima/nerima-station/asian/
取得中: https://www.esthe-ranking.jp/matsudo/shinmatsudo-station/asian/
取得中: https://www.esthe-ranking.jp/kawasaki/tsurumi-station/asian/
取得中: https://www.esthe-ranking.jp/iidabashi/asian/
取得中: https://www.esthe-ranking.jp/koshigaya/shinkoshigaya-station/asian/
取得中: https://www.esthe-ranking.jp/akabane/asian/
取得中: https://www.esthe-ranking.jp/koshigaya/kasukabe-station/asian/
取得中: https://www.esthe-ranking.jp/tsu/tsu-city/asian/
取得中: https://www.esthe-ranking.jp/ichikawa/motoyawata-station/asian/
取得中: https://www.esthe-ranking.jp/kameari/asian/
取得中: https://www.esthe-ranking.jp/kumagaya/kumagaya-city/asian/
OK: 履歴追記 → rank_history.csv / 最新更新 → rank_latest.csv
git@github.com: Permission denied (publickey).
fatal: Could not read from remote repository.

Please make sure you have the correct access rights
and the repository exists.
取得中: https://www.esthe-ranking.jp/shizuoka/shizuoka-city/asian/
取得中: https://www.esthe-ranking.jp/yokohama/higashikanagawa-station/asian/
取得中: https://www.esthe-ranking.jp/nishikawaguchi/kawaguchi-station/asian/
取得中: https://www.esthe-ranking.jp/funabashi/nishifunabashi-station/asian/
取得中: https://www.esthe-ranking.jp/kamata/asian/
取得中: https://www.esthe-ranking.jp/kashiwa/asian/
取得中: https://www.esthe-ranking.jp/numazu/asian/
取得中: https://www.esthe-ranking.jp/yamato/yamato-station/asian/
取得中: https://www.esthe-ranking.jp/mizonokuchi/mizonokuchi-station/asian/
取得中: https://www.esthe-ranking.jp/nerima/nerima-station/asian/
取得中: https://www.esthe-ranking.jp/matsudo/shinmatsudo-station/asian/
取得中: https://www.esthe-ranking.jp/kawasaki/tsurumi-station/asian/
取得中: https://www.esthe-ranking.jp/iidabashi/asian/
取得中: https://www.esthe-ranking.jp/koshigaya/shinkoshigaya-station/asian/
取得中: https://www.esthe-ranking.jp/akabane/asian/
取得中: https://www.esthe-ranking.jp/koshigaya/kasukabe-station/asian/
取得中: https://www.esthe-ranking.jp/tsu/tsu-city/asian/
取得中: https://www.esthe-ranking.jp/ichikawa/motoyawata-station/asian/
取得中: https://www.esthe-ranking.jp/kameari/asian/
取得中: https://www.esthe-ranking.jp/kumagaya/kumagaya-city/asian/
OK: 履歴追記 → rank_history.csv / 最新更新 → rank_latest.csv
git@github.com: Permission denied (publickey).
fatal: Could not read from remote repository.

Please make sure you have the correct access rights
and the repository exists.
取得中: https://www.esthe-ranking.jp/shizuoka/shizuoka-city/asian/
取得中: https://www.esthe-ranking.jp/yokohama/higashikanagawa-station/asian/
取得中: https://www.esthe-ranking.jp/nishikawaguchi/kawaguchi-station/asian/
取得中: https://www.esthe-ranking.jp/funabashi/nishifunabashi-station/asian/
取得中: https://www.esthe-ranking.jp/kamata/asian/
取得中: https://www.esthe-ranking.jp/kashiwa/asian/
取得中: https://www.esthe-ranking.jp/numazu/asian/
取得中: https://www.esthe-ranking.jp/yamato/yamato-station/asian/
取得中: https://www.esthe-ranking.jp/mizonokuchi/mizonokuchi-station/asian/
取得中: https://www.esthe-ranking.jp/nerima/nerima-station/asian/
取得中: https://www.esthe-ranking.jp/matsudo/shinmatsudo-station/asian/
取得中: https://www.esthe-ranking.jp/kawasaki/tsurumi-station/asian/
取得中: https://www.esthe-ranking.jp/iidabashi/asian/
取得中: https://www.esthe-ranking.jp/koshigaya/shinkoshigaya-station/asian/
取得中: https://www.esthe-ranking.jp/akabane/asian/
取得中: https://www.esthe-ranking.jp/koshigaya/kasukabe-station/asian/
取得中: https://www.esthe-ranking.jp/tsu/tsu-city/asian/
取得中: https://www.esthe-ranking.jp/ichikawa/motoyawata-station/asian/
取得中: https://www.esthe-ranking.jp/kameari/asian/
取得中: https://www.esthe-ranking.jp/kumagaya/kumagaya-city/asian/
OK: 履歴追記 → rank_history.csv / 最新更新 → rank_latest.csv
Agent pid 51080
/Users/koichi/.ssh/id_ed25519: No such file or directory
取得中: https://www.esthe-ranking.jp/shizuoka/shizuoka-city/asian/
取得中: https://www.esthe-ranking.jp/yokohama/higashikanagawa-station/asian/
取得中: https://www.esthe-ranking.jp/nishikawaguchi/kawaguchi-station/asian/
取得中: https://www.esthe-ranking.jp/funabashi/nishifunabashi-station/asian/
取得中: https://www.esthe-ranking.jp/kamata/asian/
取得中: https://www.esthe-ranking.jp/kashiwa/asian/
取得中: https://www.esthe-ranking.jp/numazu/asian/
取得中: https://www.esthe-ranking.jp/yamato/yamato-station/asian/
取得中: https://www.esthe-ranking.jp/mizonokuchi/mizonokuchi-station/asian/
取得中: https://www.esthe-ranking.jp/nerima/nerima-station/asian/
取得中: https://www.esthe-ranking.jp/matsudo/shinmatsudo-station/asian/
取得中: https://www.esthe-ranking.jp/kawasaki/tsurumi-station/asian/
取得中: https://www.esthe-ranking.jp/iidabashi/asian/
取得中: https://www.esthe-ranking.jp/koshigaya/shinkoshigaya-station/asian/
取得中: https://www.esthe-ranking.jp/akabane/asian/
取得中: https://www.esthe-ranking.jp/koshigaya/kasukabe-station/asian/
取得中: https://www.esthe-ranking.jp/tsu/tsu-city/asian/
取得中: https://www.esthe-ranking.jp/ichikawa/motoyawata-station/asian/
取得中: https://www.esthe-ranking.jp/kameari/asian/
取得中: https://www.esthe-ranking.jp/kumagaya/kumagaya-city/asian/
OK: 履歴追記 → rank_history.csv / 最新更新 → rank_latest.csv
[main 891f4bd] auto update
 31 files changed, 203 insertions(+), 29 deletions(-)
git@github.com: Permission denied (publickey).
fatal: Could not read from remote repository.

Please make sure you have the correct access rights
and the repository exists.
